<?xml version="1.0" encoding="UTF-8"?>
<testsuite name="com.capgemini.market.CapgeminiMarketApplicationTests" tests="1" skipped="0" failures="0" errors="0" timestamp="2021-09-08T18:35:48" hostname="LMX-PF2PJ80H" time="0.526">
  <properties/>
  <testcase name="contextLoads()" classname="com.capgemini.market.CapgeminiMarketApplicationTests" time="0.526"/>
  <system-out><![CDATA[13:35:08.960 [Test worker] DEBUG org.springframework.test.context.BootstrapUtils - Instantiating CacheAwareContextLoaderDelegate from class [org.springframework.test.context.cache.DefaultCacheAwareContextLoaderDelegate]
13:35:09.010 [Test worker] DEBUG org.springframework.test.context.BootstrapUtils - Instantiating BootstrapContext using constructor [public org.springframework.test.context.support.DefaultBootstrapContext(java.lang.Class,org.springframework.test.context.CacheAwareContextLoaderDelegate)]
13:35:09.123 [Test worker] DEBUG org.springframework.test.context.BootstrapUtils - Instantiating TestContextBootstrapper for test class [com.capgemini.market.CapgeminiMarketApplicationTests] from class [org.springframework.boot.test.context.SpringBootTestContextBootstrapper]
13:35:09.160 [Test worker] INFO org.springframework.boot.test.context.SpringBootTestContextBootstrapper - Neither @ContextConfiguration nor @ContextHierarchy found for test class [com.capgemini.market.CapgeminiMarketApplicationTests], using SpringBootContextLoader
13:35:09.173 [Test worker] DEBUG org.springframework.test.context.support.AbstractContextLoader - Did not detect default resource location for test class [com.capgemini.market.CapgeminiMarketApplicationTests]: class path resource [com/capgemini/market/CapgeminiMarketApplicationTests-context.xml] does not exist
13:35:09.175 [Test worker] DEBUG org.springframework.test.context.support.AbstractContextLoader - Did not detect default resource location for test class [com.capgemini.market.CapgeminiMarketApplicationTests]: class path resource [com/capgemini/market/CapgeminiMarketApplicationTestsContext.groovy] does not exist
13:35:09.176 [Test worker] INFO org.springframework.test.context.support.AbstractContextLoader - Could not detect default resource locations for test class [com.capgemini.market.CapgeminiMarketApplicationTests]: no resource found for suffixes {-context.xml, Context.groovy}.
13:35:09.178 [Test worker] INFO org.springframework.test.context.support.AnnotationConfigContextLoaderUtils - Could not detect default configuration classes for test class [com.capgemini.market.CapgeminiMarketApplicationTests]: CapgeminiMarketApplicationTests does not declare any static, non-private, non-final, nested classes annotated with @Configuration.
13:35:09.320 [Test worker] DEBUG org.springframework.test.context.support.ActiveProfilesUtils - Could not find an 'annotation declaring class' for annotation type [org.springframework.test.context.ActiveProfiles] and class [com.capgemini.market.CapgeminiMarketApplicationTests]
13:35:09.555 [Test worker] DEBUG org.springframework.context.annotation.ClassPathScanningCandidateComponentProvider - Identified candidate component class: file [C:\Users\padelgad\OneDrive - Capgemini\Documents\Curso John\Spring\capgemini-market5\build\classes\java\main\com\capgemini\market\CapgeminiMarketApplication.class]
13:35:09.562 [Test worker] INFO org.springframework.boot.test.context.SpringBootTestContextBootstrapper - Found @SpringBootConfiguration com.capgemini.market.CapgeminiMarketApplication for test class com.capgemini.market.CapgeminiMarketApplicationTests
13:35:10.261 [Test worker] DEBUG org.springframework.boot.test.context.SpringBootTestContextBootstrapper - @TestExecutionListeners is not present for class [com.capgemini.market.CapgeminiMarketApplicationTests]: using defaults.
13:35:10.264 [Test worker] INFO org.springframework.boot.test.context.SpringBootTestContextBootstrapper - Loaded default TestExecutionListener class names from location [META-INF/spring.factories]: [org.springframework.boot.test.autoconfigure.restdocs.RestDocsTestExecutionListener, org.springframework.boot.test.autoconfigure.web.client.MockRestServiceServerResetTestExecutionListener, org.springframework.boot.test.autoconfigure.web.servlet.MockMvcPrintOnlyOnFailureTestExecutionListener, org.springframework.boot.test.autoconfigure.web.servlet.WebDriverTestExecutionListener, org.springframework.boot.test.autoconfigure.webservices.client.MockWebServiceServerTestExecutionListener, org.springframework.boot.test.mock.mockito.MockitoTestExecutionListener, org.springframework.boot.test.mock.mockito.ResetMocksTestExecutionListener, org.springframework.test.context.web.ServletTestExecutionListener, org.springframework.test.context.support.DirtiesContextBeforeModesTestExecutionListener, org.springframework.test.context.event.ApplicationEventsTestExecutionListener, org.springframework.test.context.support.DependencyInjectionTestExecutionListener, org.springframework.test.context.support.DirtiesContextTestExecutionListener, org.springframework.test.context.transaction.TransactionalTestExecutionListener, org.springframework.test.context.jdbc.SqlScriptsTestExecutionListener, org.springframework.test.context.event.EventPublishingTestExecutionListener]
13:35:10.459 [Test worker] INFO org.springframework.boot.test.context.SpringBootTestContextBootstrapper - Using TestExecutionListeners: [org.springframework.test.context.web.ServletTestExecutionListener@4bfb4d93, org.springframework.test.context.support.DirtiesContextBeforeModesTestExecutionListener@45e02913, org.springframework.test.context.event.ApplicationEventsTestExecutionListener@528c9827, org.springframework.boot.test.mock.mockito.MockitoTestExecutionListener@68b7efaf, org.springframework.boot.test.autoconfigure.SpringBootDependencyInjectionTestExecutionListener@7931b0ff, org.springframework.test.context.support.DirtiesContextTestExecutionListener@3dddb67b, org.springframework.test.context.transaction.TransactionalTestExecutionListener@ba64c47, org.springframework.test.context.jdbc.SqlScriptsTestExecutionListener@5c3b000b, org.springframework.test.context.event.EventPublishingTestExecutionListener@28f9e53b, org.springframework.boot.test.autoconfigure.restdocs.RestDocsTestExecutionListener@78c7f031, org.springframework.boot.test.autoconfigure.web.client.MockRestServiceServerResetTestExecutionListener@41ba5f1a, org.springframework.boot.test.autoconfigure.web.servlet.MockMvcPrintOnlyOnFailureTestExecutionListener@4585347e, org.springframework.boot.test.autoconfigure.web.servlet.WebDriverTestExecutionListener@2232d1c8, org.springframework.boot.test.autoconfigure.webservices.client.MockWebServiceServerTestExecutionListener@65b3ebc7, org.springframework.boot.test.mock.mockito.ResetMocksTestExecutionListener@76623ae4]
13:35:10.499 [Test worker] DEBUG org.springframework.test.context.support.AbstractDirtiesContextTestExecutionListener - Before test class: context [DefaultTestContext@6c68b4f2 testClass = CapgeminiMarketApplicationTests, testInstance = [null], testMethod = [null], testException = [null], mergedContextConfiguration = [WebMergedContextConfiguration@53673624 testClass = CapgeminiMarketApplicationTests, locations = '{}', classes = '{class com.capgemini.market.CapgeminiMarketApplication}', contextInitializerClasses = '[]', activeProfiles = '{}', propertySourceLocations = '{}', propertySourceProperties = '{org.springframework.boot.test.context.SpringBootTestContextBootstrapper=true}', contextCustomizers = set[org.springframework.boot.test.autoconfigure.actuate.metrics.MetricsExportContextCustomizerFactory$DisableMetricExportContextCustomizer@7dbf893f, org.springframework.boot.test.autoconfigure.properties.PropertyMappingContextCustomizer@0, org.springframework.boot.test.autoconfigure.web.servlet.WebDriverContextCustomizerFactory$Customizer@7ce6312f, org.springframework.boot.test.context.filter.ExcludeFilterContextCustomizer@4b9254bb, org.springframework.boot.test.json.DuplicateJsonObjectContextCustomizerFactory$DuplicateJsonObjectContextCustomizer@1dc0f3f3, org.springframework.boot.test.mock.mockito.MockitoContextCustomizer@0, org.springframework.boot.test.web.client.TestRestTemplateContextCustomizer@57ac2a50, org.springframework.boot.test.context.SpringBootTestArgs@1, org.springframework.boot.test.context.SpringBootTestWebEnvironment@401d804a], resourceBasePath = 'src/main/webapp', contextLoader = 'org.springframework.boot.test.context.SpringBootContextLoader', parent = [null]], attributes = map['org.springframework.test.context.web.ServletTestExecutionListener.activateListener' -> true]], class annotated with @DirtiesContext [false] with mode [null].
13:35:11.145 [Test worker] DEBUG org.springframework.test.context.support.TestPropertySourceUtils - Adding inlined properties to environment: {spring.jmx.enabled=false, org.springframework.boot.test.context.SpringBootTestContextBootstrapper=true}

  .   ____          _            __ _ _
 /\\ / ___'_ __ _ _(_)_ __  __ _ \ \ \ \
( ( )\___ | '_ | '_| | '_ \/ _` | \ \ \ \
 \\/  ___)| |_)| | | | | || (_| |  ) ) ) )
  '  |____| .__|_| |_|_| |_\__, | / / / /
 =========|_|==============|___/=/_/_/_/
 :: Spring Boot ::               (v2.4.10)

2021-09-08 13:35:15.376  INFO 29068 --- [    Test worker] c.c.m.CapgeminiMarketApplicationTests    : Starting CapgeminiMarketApplicationTests using Java 11.0.12 on LMX-PF2PJ80H with PID 29068 (started by padelgad in C:\Users\padelgad\OneDrive - Capgemini\Documents\Curso John\Spring\capgemini-market5)
2021-09-08 13:35:15.384  INFO 29068 --- [    Test worker] c.c.m.CapgeminiMarketApplicationTests    : The following profiles are active: dev
2021-09-08 13:35:24.840  INFO 29068 --- [    Test worker] .s.d.r.c.RepositoryConfigurationDelegate : Bootstrapping Spring Data JPA repositories in DEFAULT mode.
2021-09-08 13:35:25.142  INFO 29068 --- [    Test worker] .s.d.r.c.RepositoryConfigurationDelegate : Finished Spring Data repository scanning in 274 ms. Found 2 JPA repository interfaces.
2021-09-08 13:35:27.346  INFO 29068 --- [    Test worker] com.zaxxer.hikari.HikariDataSource       : HikariPool-1 - Starting...
2021-09-08 13:35:27.929  INFO 29068 --- [    Test worker] com.zaxxer.hikari.HikariDataSource       : HikariPool-1 - Start completed.
2021-09-08 13:35:28.131  INFO 29068 --- [    Test worker] o.hibernate.jpa.internal.util.LogHelper  : HHH000204: Processing PersistenceUnitInfo [name: default]
2021-09-08 13:35:28.340  INFO 29068 --- [    Test worker] org.hibernate.Version                    : HHH000412: Hibernate ORM core version 5.4.32.Final
2021-09-08 13:35:29.064  INFO 29068 --- [    Test worker] o.hibernate.annotations.common.Version   : HCANN000001: Hibernate Commons Annotations {5.1.2.Final}
2021-09-08 13:35:29.759  INFO 29068 --- [    Test worker] org.hibernate.dialect.Dialect            : HHH000400: Using dialect: org.hibernate.dialect.PostgreSQL10Dialect
2021-09-08 13:35:31.282  WARN 29068 --- [    Test worker] org.hibernate.mapping.RootClass          : HHH000038: Composite-id class does not override equals(): com.capgemini.market.persistence.entity.ComprasProductoPK
2021-09-08 13:35:31.283  WARN 29068 --- [    Test worker] org.hibernate.mapping.RootClass          : HHH000039: Composite-id class does not override hashCode(): com.capgemini.market.persistence.entity.ComprasProductoPK
2021-09-08 13:35:32.388  INFO 29068 --- [    Test worker] o.h.e.t.j.p.i.JtaPlatformInitiator       : HHH000490: Using JtaPlatform implementation: [org.hibernate.engine.transaction.jta.platform.internal.NoJtaPlatform]
2021-09-08 13:35:32.416  INFO 29068 --- [    Test worker] j.LocalContainerEntityManagerFactoryBean : Initialized JPA EntityManagerFactory for persistence unit 'default'
2021-09-08 13:35:36.090  WARN 29068 --- [    Test worker] JpaBaseConfiguration$JpaWebConfiguration : spring.jpa.open-in-view is enabled by default. Therefore, database queries may be performed during view rendering. Explicitly configure spring.jpa.open-in-view to disable this warning
2021-09-08 13:35:40.763  INFO 29068 --- [    Test worker] pertySourcedRequestMappingHandlerMapping : Mapped URL path [/v2/api-docs] onto method [springfox.documentation.swagger2.web.Swagger2Controller#getDocumentation(String, HttpServletRequest)]
2021-09-08 13:35:42.446  INFO 29068 --- [    Test worker] o.s.s.web.DefaultSecurityFilterChain     : Will secure any request with [org.springframework.security.web.context.request.async.WebAsyncManagerIntegrationFilter@73e142ee, org.springframework.security.web.context.SecurityContextPersistenceFilter@1f0c6852, org.springframework.security.web.header.HeaderWriterFilter@22f48dc6, org.springframework.security.web.authentication.logout.LogoutFilter@4c8d535a, com.capgemini.market.web.security.filter.JwtFilterRequest@1e80e8d2, org.springframework.security.web.savedrequest.RequestCacheAwareFilter@788725fc, org.springframework.security.web.servletapi.SecurityContextHolderAwareRequestFilter@ff767dc, org.springframework.security.web.authentication.AnonymousAuthenticationFilter@25ab7743, org.springframework.security.web.session.SessionManagementFilter@4958de3, org.springframework.security.web.access.ExceptionTranslationFilter@2da7a3f7, org.springframework.security.web.access.intercept.FilterSecurityInterceptor@7db97ffc]
2021-09-08 13:35:46.421  INFO 29068 --- [    Test worker] d.s.w.p.DocumentationPluginsBootstrapper : Context refreshed
2021-09-08 13:35:46.596  INFO 29068 --- [    Test worker] d.s.w.p.DocumentationPluginsBootstrapper : Found 1 custom documentation plugin(s)
2021-09-08 13:35:46.740  INFO 29068 --- [    Test worker] s.d.s.w.s.ApiListingReferenceScanner     : Scanning for api listing references
2021-09-08 13:35:48.185  INFO 29068 --- [    Test worker] .d.s.w.r.o.CachingOperationNameGenerator : Generating unique operation named: getAllUsingGET_1
2021-09-08 13:35:48.220  INFO 29068 --- [    Test worker] .d.s.w.r.o.CachingOperationNameGenerator : Generating unique operation named: saveUsingPOST_1
2021-09-08 13:35:48.298  INFO 29068 --- [    Test worker] c.c.m.CapgeminiMarketApplicationTests    : Started CapgeminiMarketApplicationTests in 37.091 seconds (JVM running for 43.185)
]]></system-out>
  <system-err><![CDATA[]]></system-err>
</testsuite>
